<?xml version="1.0" encoding="UTF-8"?>
<!-- Generated by org.testng.reporters.JUnitReportReporter -->
<testsuite skipped="0" hostname="KUMAR" name="com.demowebshop.utlis.TestBase" tests="1" failures="0" timestamp="2021-01-26T14:45:35 IST" time="20.005" errors="0">
  <testcase name="openBrowser" time="20.005" classname="com.demowebshop.utlis.TestBase"/>
  <system-out/>
</testsuite> <!-- com.demowebshop.utlis.TestBase -->
