<?xml version="1.0" encoding="UTF-8"?>
<!-- Generated by org.testng.reporters.JUnitReportReporter -->
<testsuite skipped="0" hostname="KUMAR" name="com.demowebshop.test.BuyBookTest" tests="4" failures="0" timestamp="2021-02-01T16:00:22 IST" time="18.068" errors="0">
  <testcase name="loginTest" time="2.432" classname="com.demowebshop.test.BuyBookTest"/>
  <system-out/>
  <testcase name="addProduct" time="3.674" classname="com.demowebshop.test.BuyBookTest"/>
  <system-out/>
  <testcase name="checkoutTest" time="7.214" classname="com.demowebshop.test.BuyBookTest"/>
  <system-out/>
  <testcase name="confirmTest" time="4.748" classname="com.demowebshop.test.BuyBookTest"/>
  <system-out/>
</testsuite> <!-- com.demowebshop.test.BuyBookTest -->
